INFO: [HLS 200-10] Running 'C:/Xilinx/Vitis_HLS/2022.1/bin/unwrapped/win64.o/vitis_hls.exe'
INFO: [HLS 200-10] For user 'iyadb' on host 'desktop-el5bppf' (Windows NT_amd64 version 6.2) on Thu Jul 28 09:15:20 +0200 2022
INFO: [HLS 200-10] In directory 'C:/Users/iyadb/Desktop/ANN_HLS'
Sourcing Tcl script 'C:/Users/iyadb/Desktop/ANN_HLS/ANN/solution1/csim.tcl'
INFO: [HLS 200-1510] Running: source C:/Users/iyadb/Desktop/ANN_HLS/ANN/solution1/csim.tcl
INFO: [HLS 200-1510] Running: open_project ANN 
INFO: [HLS 200-10] Opening project 'C:/Users/iyadb/Desktop/ANN_HLS/ANN'.
INFO: [HLS 200-1510] Running: set_top Forward_propagation 
INFO: [HLS 200-1510] Running: add_files Forward_propagation.cpp 
INFO: [HLS 200-10] Adding design file 'Forward_propagation.cpp' to the project
INFO: [HLS 200-1510] Running: add_files -tb main.cpp -cflags -Wno-unknown-pragmas -csimflags -Wno-unknown-pragmas 
INFO: [HLS 200-10] Adding test bench file 'main.cpp' to the project
INFO: [HLS 200-1510] Running: open_solution solution1 -flow_target vivado 
INFO: [HLS 200-10] Opening solution 'C:/Users/iyadb/Desktop/ANN_HLS/ANN/solution1'.
INFO: [SYN 201-201] Setting up clock 'default' with a period of 10ns.
INFO: [HLS 200-1611] Setting target device to 'xc7z020-clg484-1'
INFO: [HLS 200-1505] Using flow_target 'vivado'
Resolution: For help on HLS 200-1505 see www.xilinx.com/cgi-bin/docs/rdoc?v=2022.1;t=hls+guidance;d=200-1505.html
INFO: [HLS 200-1464] Running solution command: config_export -format=ip_catalog
INFO: [HLS 200-1464] Running solution command: config_export -rtl=verilog
INFO: [HLS 200-1464] Running solution command: config_export -vivado_clock=10
INFO: [HLS 200-1510] Running: set_part xc7z020-clg484-1 
INFO: [HLS 200-1510] Running: create_clock -period 10 -name default 
INFO: [HLS 200-1510] Running: config_export -format ip_catalog -rtl verilog -vivado_clock 10 
INFO: [HLS 200-1510] Running: source ./ANN/solution1/directives.tcl
INFO: [HLS 200-1510] Running: set_directive_top -name Forward_propagation Forward_propagation 
INFO: [HLS 200-1510] Running: set_directive_pipeline Forward_propagation 
INFO: [HLS 200-1510] Running: set_directive_unroll Forward_propagation/X_Normalization 
INFO: [HLS 200-1510] Running: set_directive_unroll Forward_propagation/first_layer 
INFO: [HLS 200-1510] Running: set_directive_unroll Forward_propagation/second_layer 
INFO: [HLS 200-1510] Running: set_directive_unroll Forward_propagation/third_layer 
INFO: [HLS 200-1510] Running: set_directive_unroll Forward_propagation/output_layer 
INFO: [HLS 200-1510] Running: csim_design -quiet 
INFO: [SIM 211-2] *************** CSIM start ***************
INFO: [SIM 211-4] CSIM will launch GCC as the compiler.
   Compiling ../../../../main.cpp in debug mode
   Compiling ../../../../Forward_propagation.cpp in debug mode
   Generating csim.exe
In file included from C:/Xilinx/Vitis_HLS/2022.1/include/floating_point_v7_0_bitacc_cmodel.h:144:0,
                 from C:/Xilinx/Vitis_HLS/2022.1/include/hls_fpo.h:189,
                 from C:/Xilinx/Vitis_HLS/2022.1/include/hls_half_fpo.h:64,
                 from C:/Xilinx/Vitis_HLS/2022.1/include/hls_half.h:71,
                 from C:/Xilinx/Vitis_HLS/2022.1/include/etc/ap_private.h:98,
                 from C:/Xilinx/Vitis_HLS/2022.1/include/ap_common.h:710,
                 from C:/Xilinx/Vitis_HLS/2022.1/include/ap_fixed.h:55,
                 from ../../../../neural_network.h:1,
                 from ../../../../main.cpp:3:
C:/Xilinx/Vitis_HLS/2022.1/include/gmp.h:63:0: warning: "__GMP_LIBGMP_DLL" redefined
 #define __GMP_LIBGMP_DLL  0
 
In file included from C:/Xilinx/Vitis_HLS/2022.1/include/hls_fpo.h:189:0,
                 from C:/Xilinx/Vitis_HLS/2022.1/include/hls_half_fpo.h:64,
                 from C:/Xilinx/Vitis_HLS/2022.1/include/hls_half.h:71,
                 from C:/Xilinx/Vitis_HLS/2022.1/include/etc/ap_private.h:98,
                 from C:/Xilinx/Vitis_HLS/2022.1/include/ap_common.h:710,
                 from C:/Xilinx/Vitis_HLS/2022.1/include/ap_fixed.h:55,
                 from ../../../../neural_network.h:1,
                 from ../../../../main.cpp:3:
C:/Xilinx/Vitis_HLS/2022.1/include/floating_point_v7_0_bitacc_cmodel.h:136:0: note: this is the location of the previous definition
 #define __GMP_LIBGMP_DLL 1
 
In file included from C:/Xilinx/Vitis_HLS/2022.1/include/floating_point_v7_0_bitacc_cmodel.h:144:0,
                 from C:/Xilinx/Vitis_HLS/2022.1/include/hls_fpo.h:189,
                 from C:/Xilinx/Vitis_HLS/2022.1/include/hls_half_fpo.h:64,
                 from C:/Xilinx/Vitis_HLS/2022.1/include/hls_half.h:71,
                 from C:/Xilinx/Vitis_HLS/2022.1/include/etc/ap_private.h:98,
                 from C:/Xilinx/Vitis_HLS/2022.1/include/ap_common.h:710,
                 from C:/Xilinx/Vitis_HLS/2022.1/include/ap_fixed.h:55,
                 from ../../../../neural_network.h:1,
                 from ../../../../Forward_propagation.cpp:1:
C:/Xilinx/Vitis_HLS/2022.1/include/gmp.h:63:0: warning: "__GMP_LIBGMP_DLL" redefined
 #define __GMP_LIBGMP_DLL  0
 
In file included from C:/Xilinx/Vitis_HLS/2022.1/include/hls_fpo.h:189:0,
                 from C:/Xilinx/Vitis_HLS/2022.1/include/hls_half_fpo.h:64,
                 from C:/Xilinx/Vitis_HLS/2022.1/include/hls_half.h:71,
                 from C:/Xilinx/Vitis_HLS/2022.1/include/etc/ap_private.h:98,
                 from C:/Xilinx/Vitis_HLS/2022.1/include/ap_common.h:710,
                 from C:/Xilinx/Vitis_HLS/2022.1/include/ap_fixed.h:55,
                 from ../../../../neural_network.h:1,
                 from ../../../../Forward_propagation.cpp:1:
C:/Xilinx/Vitis_HLS/2022.1/include/floating_point_v7_0_bitacc_cmodel.h:136:0: note: this is the location of the previous definition
 #define __GMP_LIBGMP_DLL 1
 
0x90fde0
0.296875
1.85775e+20INFO: [SIM 211-1] CSim done with 0 errors.
INFO: [SIM 211-3] *************** CSIM finish ***************
INFO: [HLS 200-111] Finished Command csim_design CPU user time: 2 seconds. CPU system time: 0 seconds. Elapsed time: 19.261 seconds; current allocated memory: 43.871 MB.
INFO: [HLS 200-112] Total CPU user time: 6 seconds. Total CPU system time: 3 seconds. Total elapsed time: 23.436 seconds; peak allocated memory: 1.116 GB.
